# JRE version: Java(TM) SE Runtime Environment (8.0_152-b16) (build 1.8.0_152-b16)
# Java VM: Java HotSpot(TM) 64-Bit Server VM (25.152-b16 mixed mode windows-amd64 compressed oops)
Heap:
 PSYoungGen      total 353280K, used 132972K [0x0000000782e00000, 0x00000007baf00000, 0x00000007c0000000)
  eden space 349696K, 37% used [0x0000000782e00000,0x000000078afc3288,0x0000000798380000)
  from space 3584K, 2% used [0x00000007ba800000,0x00000007ba818000,0x00000007bab80000)
  to   space 3584K, 0% used [0x00000007bab80000,0x00000007bab80000,0x00000007baf00000)
 ParOldGen       total 57344K, used 21919K [0x0000000708a00000, 0x000000070c200000, 0x0000000782e00000)
  object space 57344K, 38% used [0x0000000708a00000,0x0000000709f67f40,0x000000070c200000)
 Metaspace       used 32371K, capacity 32686K, committed 33152K, reserved 1079296K
  class space    used 3849K, capacity 3953K, committed 3968K, reserved 1048576K
GC Heap History (10 events):
Event: 56.420 GC heap before
{Heap before GC invocations=35 (full 1):
 PSYoungGen      total 463360K, used 457888K [0x0000000782e00000, 0x00000007bbb00000, 0x00000007c0000000)
  eden space 457728K, 100% used [0x0000000782e00000,0x000000079ed00000,0x000000079ed00000)
  from space 5632K, 2% used [0x00000007bb000000,0x00000007bb028000,0x00000007bb580000)
  to   space 5120K, 0% used [0x00000007bb600000,0x00000007bb600000,0x00000007bbb00000)
 ParOldGen       total 57344K, used 21815K [0x0000000708a00000, 0x000000070c200000, 0x0000000782e00000)
  object space 57344K, 38% used [0x0000000708a00000,0x0000000709f4df40,0x000000070c200000)
 Metaspace       used 32371K, capacity 32686K, committed 33152K, reserved 1079296K
  class space    used 3849K, capacity 3953K, committed 3968K, reserved 1048576K
Event: 56.423 GC heap after
Heap after GC invocations=35 (full 1):
 PSYoungGen      total 437760K, used 0K [0x0000000782e00000, 0x00000007bb680000, 0x00000007c0000000)
  eden space 437248K, 0% used [0x0000000782e00000,0x0000000782e00000,0x000000079d900000)
  from space 512K, 0% used [0x00000007bb600000,0x00000007bb600000,0x00000007bb680000)
  to   space 5120K, 0% used [0x00000007bac80000,0x00000007bac80000,0x00000007bb180000)
 ParOldGen       total 57344K, used 21847K [0x0000000708a00000, 0x000000070c200000, 0x0000000782e00000)
  object space 57344K, 38% used [0x0000000708a00000,0x0000000709f55f40,0x000000070c200000)
 Metaspace       used 32371K, capacity 32686K, committed 33152K, reserved 1079296K
  class space    used 3849K, capacity 3953K, committed 3968K, reserved 1048576K
}
Event: 56.804 GC heap before
{Heap before GC invocations=36 (full 1):
 PSYoungGen      total 437760K, used 437248K [0x0000000782e00000, 0x00000007bb680000, 0x00000007c0000000)
  eden space 437248K, 100% used [0x0000000782e00000,0x000000079d900000,0x000000079d900000)
  from space 512K, 0% used [0x00000007bb600000,0x00000007bb600000,0x00000007bb680000)
  to   space 5120K, 0% used [0x00000007bac80000,0x00000007bac80000,0x00000007bb180000)
 ParOldGen       total 57344K, used 21847K [0x0000000708a00000, 0x000000070c200000, 0x0000000782e00000)
  object space 57344K, 38% used [0x0000000708a00000,0x0000000709f55f40,0x000000070c200000)
 Metaspace       used 32371K, capacity 32686K, committed 33152K, reserved 1079296K
  class space    used 3849K, capacity 3953K, committed 3968K, reserved 1048576K
Event: 56.807 GC heap after
Heap after GC invocations=36 (full 1):
 PSYoungGen      total 422912K, used 96K [0x0000000782e00000, 0x00000007bb680000, 0x00000007c0000000)
  eden space 417792K, 0% used [0x0000000782e00000,0x0000000782e00000,0x000000079c600000)
  from space 5120K, 1% used [0x00000007bac80000,0x00000007bac98000,0x00000007bb180000)
  to   space 4608K, 0% used [0x00000007bb200000,0x00000007bb200000,0x00000007bb680000)
 ParOldGen       total 57344K, used 21847K [0x0000000708a00000, 0x000000070c200000, 0x0000000782e00000)
  object space 57344K, 38% used [0x0000000708a00000,0x0000000709f55f40,0x000000070c200000)
 Metaspace       used 32371K, capacity 32686K, committed 33152K, reserved 1079296K
  class space    used 3849K, capacity 3953K, committed 3968K, reserved 1048576K
}
Event: 57.166 GC heap before
{Heap before GC invocations=37 (full 1):
 PSYoungGen      total 422912K, used 417888K [0x0000000782e00000, 0x00000007bb680000, 0x00000007c0000000)
  eden space 417792K, 100% used [0x0000000782e00000,0x000000079c600000,0x000000079c600000)
  from space 5120K, 1% used [0x00000007bac80000,0x00000007bac98000,0x00000007bb180000)
  to   space 4608K, 0% used [0x00000007bb200000,0x00000007bb200000,0x00000007bb680000)
 ParOldGen       total 57344K, used 21847K [0x0000000708a00000, 0x000000070c200000, 0x0000000782e00000)
  object space 57344K, 38% used [0x0000000708a00000,0x0000000709f55f40,0x000000070c200000)
 Metaspace       used 32371K, capacity 32686K, committed 33152K, reserved 1079296K
  class space    used 3849K, capacity 3953K, committed 3968K, reserved 1048576K
Event: 57.170 GC heap after
Heap after GC invocations=37 (full 1):
 PSYoungGen      total 399872K, used 96K [0x0000000782e00000, 0x00000007bb280000, 0x00000007c0000000)
  eden space 399360K, 0% used [0x0000000782e00000,0x0000000782e00000,0x000000079b400000)
  from space 512K, 18% used [0x00000007bb200000,0x00000007bb218000,0x00000007bb280000)
  to   space 4096K, 0% used [0x00000007baa80000,0x00000007baa80000,0x00000007bae80000)
 ParOldGen       total 57344K, used 21855K [0x0000000708a00000, 0x000000070c200000, 0x0000000782e00000)
  object space 57344K, 38% used [0x0000000708a00000,0x0000000709f57f40,0x000000070c200000)
 Metaspace       used 32371K, capacity 32686K, committed 33152K, reserved 1079296K
  class space    used 3849K, capacity 3953K, committed 3968K, reserved 1048576K
}
Event: 57.499 GC heap before
{Heap before GC invocations=38 (full 1):
 PSYoungGen      total 399872K, used 399456K [0x0000000782e00000, 0x00000007bb280000, 0x00000007c0000000)
  eden space 399360K, 100% used [0x0000000782e00000,0x000000079b400000,0x000000079b400000)
  from space 512K, 18% used [0x00000007bb200000,0x00000007bb218000,0x00000007bb280000)
  to   space 4096K, 0% used [0x00000007baa80000,0x00000007baa80000,0x00000007bae80000)
 ParOldGen       total 57344K, used 21855K [0x0000000708a00000, 0x000000070c200000, 0x0000000782e00000)
  object space 57344K, 38% used [0x0000000708a00000,0x0000000709f57f40,0x000000070c200000)
 Metaspace       used 32371K, capacity 32686K, committed 33152K, reserved 1079296K
  class space    used 3849K, capacity 3953K, committed 3968K, reserved 1048576K
Event: 57.501 GC heap after
Heap after GC invocations=38 (full 1):
 PSYoungGen      total 386048K, used 128K [0x0000000782e00000, 0x00000007bb280000, 0x00000007c0000000)
  eden space 381952K, 0% used [0x0000000782e00000,0x0000000782e00000,0x000000079a300000)
  from space 4096K, 3% used [0x00000007baa80000,0x00000007baaa0000,0x00000007bae80000)
  to   space 4096K, 0% used [0x00000007bae80000,0x00000007bae80000,0x00000007bb280000)
 ParOldGen       total 57344K, used 21879K [0x0000000708a00000, 0x000000070c200000, 0x0000000782e00000)
  object space 57344K, 38% used [0x0000000708a00000,0x0000000709f5df40,0x000000070c200000)
 Metaspace       used 32371K, capacity 32686K, committed 33152K, reserved 1079296K
  class space    used 3849K, capacity 3953K, committed 3968K, reserved 1048576K
}
Event: 57.809 GC heap before
{Heap before GC invocations=39 (full 1):
 PSYoungGen      total 386048K, used 382080K [0x0000000782e00000, 0x00000007bb280000, 0x00000007c0000000)
  eden space 381952K, 100% used [0x0000000782e00000,0x000000079a300000,0x000000079a300000)
  from space 4096K, 3% used [0x00000007baa80000,0x00000007baaa0000,0x00000007bae80000)
  to   space 4096K, 0% used [0x00000007bae80000,0x00000007bae80000,0x00000007bb280000)
 ParOldGen       total 57344K, used 21879K [0x0000000708a00000, 0x000000070c200000, 0x0000000782e00000)
  object space 57344K, 38% used [0x0000000708a00000,0x0000000709f5df40,0x000000070c200000)
 Metaspace       used 32371K, capacity 32686K, committed 33152K, reserved 1079296K
  class space    used 3849K, capacity 3953K, committed 3968K, reserved 1048576K
Event: 57.812 GC heap after
Heap after GC invocations=39 (full 1):
 PSYoungGen      total 366080K, used 64K [0x0000000782e00000, 0x00000007baf00000, 0x00000007c0000000)
  eden space 365568K, 0% used [0x0000000782e00000,0x0000000782e00000,0x0000000799300000)
  from space 512K, 12% used [0x00000007bae80000,0x00000007bae90000,0x00000007baf00000)
  to   space 3584K, 0% used [0x00000007ba800000,0x00000007ba800000,0x00000007bab80000)
 ParOldGen       total 57344K, used 21903K [0x0000000708a00000, 0x000000070c200000, 0x0000000782e00000)
  object space 57344K, 38% used [0x0000000708a00000,0x0000000709f63f40,0x000000070c200000)
 Metaspace       used 32371K, capacity 32686K, committed 33152K, reserved 1079296K
  class space    used 3849K, capacity 3953K, committed 3968K, reserved 1048576K
}

